<?xml version="1.0" encoding="UTF-8"?>
<testng-results skipped="0" failed="0" ignored="0" total="0" passed="0">
  <reporter-output>
  </reporter-output>
  <suite name="runners.RunnerTest" duration-ms="4" started-at="2018-05-30T12:58:24Z" finished-at="2018-05-30T12:58:24Z">
    <groups>
    </groups>
    <test name="Command line test" duration-ms="4" started-at="2018-05-30T12:58:24Z" finished-at="2018-05-30T12:58:24Z">
    </test> <!-- Command line test -->
  </suite> <!-- runners.RunnerTest -->
</testng-results>
